<?xml version="1.0" encoding="UTF-8"?>
<!-- Generated by org.testng.reporters.JUnitReportReporter -->
<testsuite skipped="0" hostname="DESKTOP-EULO2S6" name="com.qa.tests.LoginTests" tests="1" failures="0" timestamp="2022-04-19T16:20:40 IST" time="2.339" errors="0">
  <testcase name="successfulLogin" time="2.339" classname="com.qa.tests.LoginTests"/>
  <system-out/>
</testsuite> <!-- com.qa.tests.LoginTests -->
