<?xml version="1.0" encoding="UTF-8"?>
<!-- Generated by org.testng.reporters.JUnitReportReporter -->
<testsuite skipped="0" hostname="DESKTOP-EULO2S6" name="com.qa.tests.VerificationTests" tests="1" failures="0" timestamp="2022-04-20T12:17:43 IST" time="15.113" errors="0">
  <testcase name="otpVerification" time="15.113" classname="com.qa.tests.VerificationTests"/>
  <system-out/>
</testsuite> <!-- com.qa.tests.VerificationTests -->
